mode: set
github.com/rhino11/trafficsim/debug_attitude.go:11.13,30.18 13 0
github.com/rhino11/trafficsim/debug_attitude.go:30.18,32.3 1 0
github.com/rhino11/trafficsim/debug_attitude.go:34.2,44.88 7 0
github.com/rhino11/trafficsim/cmd/simrunner/main.go:19.13,34.16 7 0
github.com/rhino11/trafficsim/cmd/simrunner/main.go:34.16,36.3 1 0
github.com/rhino11/trafficsim/cmd/simrunner/main.go:39.2,41.14 2 0
github.com/rhino11/trafficsim/cmd/simrunner/main.go:41.14,49.42 3 0
github.com/rhino11/trafficsim/cmd/simrunner/main.go:49.42,51.4 1 0
github.com/rhino11/trafficsim/cmd/simrunner/main.go:52.8,55.3 1 0
github.com/rhino11/trafficsim/cmd/simrunner/main.go:58.63,69.12 6 0
github.com/rhino11/trafficsim/cmd/simrunner/main.go:69.12,73.3 3 0
github.com/rhino11/trafficsim/cmd/simrunner/main.go:76.2,76.57 1 0
github.com/rhino11/trafficsim/cmd/simrunner/main.go:76.57,78.3 1 0
github.com/rhino11/trafficsim/cmd/simrunner/main.go:80.2,84.37 3 0
github.com/rhino11/trafficsim/cmd/simrunner/main.go:84.37,86.3 1 0
github.com/rhino11/trafficsim/cmd/simrunner/main.go:89.2,89.39 1 0
github.com/rhino11/trafficsim/cmd/simrunner/main.go:89.39,91.3 1 0
github.com/rhino11/trafficsim/cmd/simrunner/main.go:94.2,98.6 4 0
github.com/rhino11/trafficsim/cmd/simrunner/main.go:98.6,99.10 1 0
github.com/rhino11/trafficsim/cmd/simrunner/main.go:100.21,103.10 3 0
github.com/rhino11/trafficsim/cmd/simrunner/main.go:104.19,114.26 5 0
github.com/rhino11/trafficsim/cmd/simrunner/main.go:114.26,116.5 1 0
github.com/rhino11/trafficsim/cmd/simrunner/main.go:121.52,130.2 5 0
github.com/rhino11/trafficsim/cmd/simrunner/main.go:132.57,133.37 1 0
github.com/rhino11/trafficsim/cmd/simrunner/main.go:133.37,143.3 2 0
github.com/rhino11/trafficsim/internal/config/config.go:172.51,174.16 2 0
github.com/rhino11/trafficsim/internal/config/config.go:174.16,176.3 1 0
github.com/rhino11/trafficsim/internal/config/config.go:178.2,179.54 2 0
github.com/rhino11/trafficsim/internal/config/config.go:179.54,181.3 1 0
github.com/rhino11/trafficsim/internal/config/config.go:184.2,184.47 1 0
github.com/rhino11/trafficsim/internal/config/config.go:184.47,186.3 1 0
github.com/rhino11/trafficsim/internal/config/config.go:189.2,189.48 1 0
github.com/rhino11/trafficsim/internal/config/config.go:189.48,191.3 1 0
github.com/rhino11/trafficsim/internal/config/config.go:193.2,193.21 1 0
github.com/rhino11/trafficsim/internal/config/config.go:197.42,199.44 1 0
github.com/rhino11/trafficsim/internal/config/config.go:199.44,201.3 1 0
github.com/rhino11/trafficsim/internal/config/config.go:202.2,202.38 1 0
github.com/rhino11/trafficsim/internal/config/config.go:202.38,204.3 1 0
github.com/rhino11/trafficsim/internal/config/config.go:205.2,205.41 1 0
github.com/rhino11/trafficsim/internal/config/config.go:205.41,207.3 1 0
github.com/rhino11/trafficsim/internal/config/config.go:210.2,210.29 1 0
github.com/rhino11/trafficsim/internal/config/config.go:210.29,212.3 1 0
github.com/rhino11/trafficsim/internal/config/config.go:213.2,213.30 1 0
github.com/rhino11/trafficsim/internal/config/config.go:213.30,215.3 1 0
github.com/rhino11/trafficsim/internal/config/config.go:216.2,216.33 1 0
github.com/rhino11/trafficsim/internal/config/config.go:216.33,218.3 1 0
github.com/rhino11/trafficsim/internal/config/config.go:221.2,221.40 1 0
github.com/rhino11/trafficsim/internal/config/config.go:221.40,223.3 1 0
github.com/rhino11/trafficsim/internal/config/config.go:224.2,224.38 1 0
github.com/rhino11/trafficsim/internal/config/config.go:224.38,226.3 1 0
github.com/rhino11/trafficsim/internal/config/config.go:227.2,227.39 1 0
github.com/rhino11/trafficsim/internal/config/config.go:227.39,229.3 1 0
github.com/rhino11/trafficsim/internal/config/config.go:230.2,230.40 1 0
github.com/rhino11/trafficsim/internal/config/config.go:230.40,232.3 1 0
github.com/rhino11/trafficsim/internal/config/config.go:234.2,234.12 1 0
github.com/rhino11/trafficsim/internal/config/config.go:238.43,240.58 1 0
github.com/rhino11/trafficsim/internal/config/config.go:240.58,242.3 1 0
github.com/rhino11/trafficsim/internal/config/config.go:245.2,245.38 1 0
github.com/rhino11/trafficsim/internal/config/config.go:245.38,247.3 1 0
github.com/rhino11/trafficsim/internal/config/config.go:250.2,250.65 1 0
github.com/rhino11/trafficsim/internal/config/config.go:250.65,251.47 1 0
github.com/rhino11/trafficsim/internal/config/config.go:251.47,252.50 1 0
github.com/rhino11/trafficsim/internal/config/config.go:252.50,255.5 1 0
github.com/rhino11/trafficsim/internal/config/config.go:259.2,259.12 1 0
github.com/rhino11/trafficsim/internal/config/config.go:263.57,264.51 1 0
github.com/rhino11/trafficsim/internal/config/config.go:264.51,266.3 1 0
github.com/rhino11/trafficsim/internal/config/config.go:267.2,267.51 1 0
github.com/rhino11/trafficsim/internal/config/config.go:267.51,269.3 1 0
github.com/rhino11/trafficsim/internal/config/config.go:270.2,270.47 1 0
github.com/rhino11/trafficsim/internal/config/config.go:270.47,272.3 1 0
github.com/rhino11/trafficsim/internal/config/config.go:273.2,273.48 1 0
github.com/rhino11/trafficsim/internal/config/config.go:273.48,275.3 1 0
github.com/rhino11/trafficsim/internal/config/config.go:276.2,276.14 1 0
github.com/rhino11/trafficsim/internal/config/config.go:280.85,281.53 1 0
github.com/rhino11/trafficsim/internal/config/config.go:281.53,283.3 1 0
github.com/rhino11/trafficsim/internal/config/config.go:284.2,284.53 1 0
github.com/rhino11/trafficsim/internal/config/config.go:284.53,286.3 1 0
github.com/rhino11/trafficsim/internal/config/config.go:287.2,287.49 1 0
github.com/rhino11/trafficsim/internal/config/config.go:287.49,289.3 1 0
github.com/rhino11/trafficsim/internal/config/config.go:290.2,290.50 1 0
github.com/rhino11/trafficsim/internal/config/config.go:290.50,292.3 1 0
github.com/rhino11/trafficsim/internal/config/config.go:293.2,293.63 1 0
github.com/rhino11/trafficsim/internal/config/factory.go:18.70,22.2 1 0
github.com/rhino11/trafficsim/internal/config/factory.go:25.94,28.16 2 0
github.com/rhino11/trafficsim/internal/config/factory.go:28.16,30.3 1 0
github.com/rhino11/trafficsim/internal/config/factory.go:33.2,41.20 3 0
github.com/rhino11/trafficsim/internal/config/factory.go:41.20,43.3 1 0
github.com/rhino11/trafficsim/internal/config/factory.go:46.2,82.22 5 0
github.com/rhino11/trafficsim/internal/config/factory.go:86.90,88.13 2 0
github.com/rhino11/trafficsim/internal/config/factory.go:88.13,90.3 1 0
github.com/rhino11/trafficsim/internal/config/factory.go:92.2,95.46 2 0
github.com/rhino11/trafficsim/internal/config/factory.go:95.46,97.43 1 0
github.com/rhino11/trafficsim/internal/config/factory.go:97.43,100.4 1 0
github.com/rhino11/trafficsim/internal/config/factory.go:102.3,103.17 2 0
github.com/rhino11/trafficsim/internal/config/factory.go:103.17,105.4 1 0
github.com/rhino11/trafficsim/internal/config/factory.go:108.3,108.34 1 0
github.com/rhino11/trafficsim/internal/config/factory.go:108.34,114.56 2 0
github.com/rhino11/trafficsim/internal/config/factory.go:114.56,116.5 1 0
github.com/rhino11/trafficsim/internal/config/factory.go:119.3,119.42 1 0
github.com/rhino11/trafficsim/internal/config/factory.go:122.2,122.23 1 0
github.com/rhino11/trafficsim/internal/config/factory.go:126.75,130.39 2 0
github.com/rhino11/trafficsim/internal/config/factory.go:130.39,132.48 2 0
github.com/rhino11/trafficsim/internal/config/factory.go:132.48,134.4 1 0
github.com/rhino11/trafficsim/internal/config/factory.go:135.3,135.40 1 0
github.com/rhino11/trafficsim/internal/config/factory.go:138.2,138.39 1 0
github.com/rhino11/trafficsim/internal/config/factory.go:138.39,140.48 2 0
github.com/rhino11/trafficsim/internal/config/factory.go:140.48,142.4 1 0
github.com/rhino11/trafficsim/internal/config/factory.go:143.3,143.40 1 0
github.com/rhino11/trafficsim/internal/config/factory.go:146.2,146.35 1 0
github.com/rhino11/trafficsim/internal/config/factory.go:146.35,148.44 2 0
github.com/rhino11/trafficsim/internal/config/factory.go:148.44,150.4 1 0
github.com/rhino11/trafficsim/internal/config/factory.go:151.3,151.32 1 0
github.com/rhino11/trafficsim/internal/config/factory.go:154.2,154.36 1 0
github.com/rhino11/trafficsim/internal/config/factory.go:154.36,156.45 2 0
github.com/rhino11/trafficsim/internal/config/factory.go:156.45,158.4 1 0
github.com/rhino11/trafficsim/internal/config/factory.go:159.3,159.34 1 0
github.com/rhino11/trafficsim/internal/config/factory.go:162.2,162.18 1 0
github.com/rhino11/trafficsim/internal/config/factory.go:166.71,168.13 2 0
github.com/rhino11/trafficsim/internal/config/factory.go:168.13,170.3 1 0
github.com/rhino11/trafficsim/internal/config/factory.go:172.2,172.46 1 0
github.com/rhino11/trafficsim/internal/config/factory.go:172.46,173.43 1 0
github.com/rhino11/trafficsim/internal/config/factory.go:173.43,176.4 1 0
github.com/rhino11/trafficsim/internal/config/factory.go:179.2,179.12 1 0
github.com/rhino11/trafficsim/internal/config/factory.go:183.103,184.34 1 0
github.com/rhino11/trafficsim/internal/config/factory.go:184.34,185.35 1 0
github.com/rhino11/trafficsim/internal/config/factory.go:185.35,190.4 3 0
github.com/rhino11/trafficsim/internal/config/factory.go:192.3,193.26 2 0
github.com/rhino11/trafficsim/internal/config/factory.go:193.26,195.4 1 0
github.com/rhino11/trafficsim/internal/config/factory.go:196.3,196.41 1 0
github.com/rhino11/trafficsim/internal/config/factory.go:200.2,200.19 1 0
github.com/rhino11/trafficsim/internal/config/factory.go:204.85,205.17 1 0
github.com/rhino11/trafficsim/internal/config/factory.go:206.18,207.37 1 0
github.com/rhino11/trafficsim/internal/config/factory.go:208.18,209.37 1 0
github.com/rhino11/trafficsim/internal/config/factory.go:210.14,211.33 1 0
github.com/rhino11/trafficsim/internal/config/factory.go:212.15,213.34 1 0
github.com/rhino11/trafficsim/internal/config/factory.go:214.10,215.37 1 0
github.com/rhino11/trafficsim/internal/config/factory.go:220.122,257.2 1 0
github.com/rhino11/trafficsim/internal/config/factory.go:261.68,263.43 1 0
github.com/rhino11/trafficsim/internal/config/factory.go:263.43,268.3 2 0
github.com/rhino11/trafficsim/internal/config/factory.go:269.2,269.12 1 0
github.com/rhino11/trafficsim/internal/config/factory.go:272.66,274.18 1 0
github.com/rhino11/trafficsim/internal/config/factory.go:275.18,277.26 1 0
github.com/rhino11/trafficsim/internal/config/factory.go:277.26,281.4 2 0
github.com/rhino11/trafficsim/internal/config/factory.go:282.3,282.25 1 0
github.com/rhino11/trafficsim/internal/config/factory.go:283.18,285.24 1 0
github.com/rhino11/trafficsim/internal/config/factory.go:286.14,288.24 1 0
github.com/rhino11/trafficsim/internal/config/factory.go:289.15,291.25 1 0
github.com/rhino11/trafficsim/internal/config/factory.go:292.10,293.24 1 0
github.com/rhino11/trafficsim/internal/config/factory.go:297.65,299.18 1 0
github.com/rhino11/trafficsim/internal/config/factory.go:300.18,301.33 1 0
github.com/rhino11/trafficsim/internal/config/factory.go:301.33,303.4 1 0
github.com/rhino11/trafficsim/internal/config/factory.go:304.3,304.13 1 0
github.com/rhino11/trafficsim/internal/config/factory.go:305.18,306.13 1 0
github.com/rhino11/trafficsim/internal/config/factory.go:307.14,308.33 1 0
github.com/rhino11/trafficsim/internal/config/factory.go:308.33,310.4 1 0
github.com/rhino11/trafficsim/internal/config/factory.go:311.3,311.13 1 0
github.com/rhino11/trafficsim/internal/config/factory.go:312.15,313.14 1 0
github.com/rhino11/trafficsim/internal/config/factory.go:314.10,315.13 1 0
github.com/rhino11/trafficsim/internal/config/factory.go:319.62,321.28 1 0
github.com/rhino11/trafficsim/internal/config/factory.go:321.28,322.33 1 0
github.com/rhino11/trafficsim/internal/config/factory.go:322.33,324.4 1 0
github.com/rhino11/trafficsim/internal/config/factory.go:325.3,325.14 1 0
github.com/rhino11/trafficsim/internal/config/factory.go:327.2,327.12 1 0
github.com/rhino11/trafficsim/internal/server/server.go:23.52,26.2 1 0
github.com/rhino11/trafficsim/internal/server/server.go:28.45,30.2 1 0
github.com/rhino11/trafficsim/internal/server/server.go:32.51,34.2 1 0
github.com/rhino11/trafficsim/internal/server/server.go:36.48,38.2 1 0
github.com/rhino11/trafficsim/internal/server/server.go:40.81,42.2 1 0
github.com/rhino11/trafficsim/internal/server/server.go:44.60,46.2 1 0
github.com/rhino11/trafficsim/internal/server/server.go:48.55,50.2 1 0
github.com/rhino11/trafficsim/internal/server/server.go:52.67,54.2 1 0
github.com/rhino11/trafficsim/internal/server/server.go:99.68,107.44 2 0
github.com/rhino11/trafficsim/internal/server/server.go:107.44,109.5 1 0
github.com/rhino11/trafficsim/internal/server/server.go:117.2,118.15 2 0
github.com/rhino11/trafficsim/internal/server/server.go:122.32,124.110 1 0
github.com/rhino11/trafficsim/internal/server/server.go:124.110,139.43 7 0
github.com/rhino11/trafficsim/internal/server/server.go:139.43,141.4 1 0
github.com/rhino11/trafficsim/internal/server/server.go:143.2,161.46 12 0
github.com/rhino11/trafficsim/internal/server/server.go:165.43,175.2 4 0
github.com/rhino11/trafficsim/internal/server/server.go:178.25,183.32 3 0
github.com/rhino11/trafficsim/internal/server/server.go:183.32,185.3 1 0
github.com/rhino11/trafficsim/internal/server/server.go:186.2,186.23 1 0
github.com/rhino11/trafficsim/internal/server/server.go:190.70,192.16 2 0
github.com/rhino11/trafficsim/internal/server/server.go:192.16,195.3 2 0
github.com/rhino11/trafficsim/internal/server/server.go:197.2,203.46 2 0
github.com/rhino11/trafficsim/internal/server/server.go:203.46,206.3 2 0
github.com/rhino11/trafficsim/internal/server/server.go:210.74,212.16 2 0
github.com/rhino11/trafficsim/internal/server/server.go:212.16,215.3 2 0
github.com/rhino11/trafficsim/internal/server/server.go:217.2,234.22 8 0
github.com/rhino11/trafficsim/internal/server/server.go:238.50,248.16 4 0
github.com/rhino11/trafficsim/internal/server/server.go:248.16,251.3 2 0
github.com/rhino11/trafficsim/internal/server/server.go:253.2,253.9 1 0
github.com/rhino11/trafficsim/internal/server/server.go:254.27,254.27 0 0
github.com/rhino11/trafficsim/internal/server/server.go:255.33,256.55 1 0
github.com/rhino11/trafficsim/internal/server/server.go:261.77,265.61 3 0
github.com/rhino11/trafficsim/internal/server/server.go:265.61,268.3 2 0
github.com/rhino11/trafficsim/internal/server/server.go:272.80,273.45 1 0
github.com/rhino11/trafficsim/internal/server/server.go:273.45,276.3 2 0
github.com/rhino11/trafficsim/internal/server/server.go:278.2,281.67 3 0
github.com/rhino11/trafficsim/internal/server/server.go:285.79,291.2 4 0
github.com/rhino11/trafficsim/internal/server/server.go:294.80,295.45 1 0
github.com/rhino11/trafficsim/internal/server/server.go:295.45,298.3 2 0
github.com/rhino11/trafficsim/internal/server/server.go:300.2,303.65 3 0
github.com/rhino11/trafficsim/internal/server/server.go:307.81,317.2 3 0
github.com/rhino11/trafficsim/internal/server/server.go:320.77,327.9 6 0
github.com/rhino11/trafficsim/internal/server/server.go:327.9,330.3 2 0
github.com/rhino11/trafficsim/internal/server/server.go:333.2,349.6 9 0
github.com/rhino11/trafficsim/internal/server/server.go:349.6,350.10 1 0
github.com/rhino11/trafficsim/internal/server/server.go:351.29,352.10 1 0
github.com/rhino11/trafficsim/internal/server/server.go:353.19,355.19 2 0
github.com/rhino11/trafficsim/internal/server/server.go:356.26,358.19 2 0
github.com/rhino11/trafficsim/internal/server/server.go:364.44,368.6 3 0
github.com/rhino11/trafficsim/internal/server/server.go:368.6,369.10 1 0
github.com/rhino11/trafficsim/internal/server/server.go:370.23,371.10 1 0
github.com/rhino11/trafficsim/internal/server/server.go:372.19,373.32 1 0
github.com/rhino11/trafficsim/internal/server/server.go:373.32,383.19 4 0
github.com/rhino11/trafficsim/internal/server/server.go:383.19,385.14 2 0
github.com/rhino11/trafficsim/internal/server/server.go:388.5,388.12 1 0
github.com/rhino11/trafficsim/internal/server/server.go:389.30,389.30 0 0
github.com/rhino11/trafficsim/internal/server/server.go:390.13,390.13 0 0
github.com/rhino11/trafficsim/internal/server/server.go:399.46,414.16 4 0
github.com/rhino11/trafficsim/internal/server/server.go:414.16,417.3 2 0
github.com/rhino11/trafficsim/internal/server/server.go:419.2,419.9 1 0
github.com/rhino11/trafficsim/internal/server/server.go:420.27,420.27 0 0
github.com/rhino11/trafficsim/internal/server/server.go:421.10,421.10 0 0
github.com/rhino11/trafficsim/internal/server/server.go:427.36,428.6 1 0
github.com/rhino11/trafficsim/internal/server/server.go:428.6,429.10 1 0
github.com/rhino11/trafficsim/internal/server/server.go:430.23,431.10 1 0
github.com/rhino11/trafficsim/internal/server/server.go:432.33,434.34 2 0
github.com/rhino11/trafficsim/internal/server/server.go:434.34,435.12 1 0
github.com/rhino11/trafficsim/internal/server/server.go:436.36,439.20 2 0
github.com/rhino11/trafficsim/internal/server/server.go:440.13,441.80 1 0
github.com/rhino11/trafficsim/internal/server/server.go:441.80,445.7 2 0
github.com/rhino11/trafficsim/internal/server/server.go:448.4,448.26 1 0
github.com/rhino11/trafficsim/internal/server/server.go:456.29,457.15 1 0
github.com/rhino11/trafficsim/internal/server/server.go:457.15,462.3 4 0
github.com/rhino11/trafficsim/internal/server/server.go:464.2,466.43 3 0
github.com/rhino11/trafficsim/internal/server/server.go:466.43,469.3 2 0
github.com/rhino11/trafficsim/internal/server/server.go:471.2,471.6 1 0
github.com/rhino11/trafficsim/internal/server/server.go:471.6,473.17 2 0
github.com/rhino11/trafficsim/internal/server/server.go:473.17,474.103 1 0
github.com/rhino11/trafficsim/internal/server/server.go:474.103,476.5 1 0
github.com/rhino11/trafficsim/internal/server/server.go:477.4,477.9 1 0
github.com/rhino11/trafficsim/internal/server/server.go:481.3,481.27 1 0
github.com/rhino11/trafficsim/internal/server/server.go:486.30,488.15 2 0
github.com/rhino11/trafficsim/internal/server/server.go:488.15,491.3 2 0
github.com/rhino11/trafficsim/internal/server/server.go:493.2,493.6 1 0
github.com/rhino11/trafficsim/internal/server/server.go:493.6,494.10 1 0
github.com/rhino11/trafficsim/internal/server/server.go:495.32,497.11 2 0
github.com/rhino11/trafficsim/internal/server/server.go:497.11,500.5 2 0
github.com/rhino11/trafficsim/internal/server/server.go:502.4,502.78 1 0
github.com/rhino11/trafficsim/internal/server/server.go:502.78,504.5 1 0
github.com/rhino11/trafficsim/internal/server/server.go:506.19,508.74 2 0
github.com/rhino11/trafficsim/internal/server/server.go:508.74,510.5 1 0
github.com/rhino11/trafficsim/internal/server/server.go:516.45,518.51 2 0
github.com/rhino11/trafficsim/internal/server/server.go:518.51,521.3 2 0
github.com/rhino11/trafficsim/internal/server/server.go:523.2,523.18 1 0
github.com/rhino11/trafficsim/internal/server/server.go:524.14,531.10 3 0
github.com/rhino11/trafficsim/internal/server/server.go:532.31,532.31 0 0
github.com/rhino11/trafficsim/internal/server/server.go:533.11,533.11 0 0
github.com/rhino11/trafficsim/internal/server/server.go:536.17,536.17 0 0
github.com/rhino11/trafficsim/internal/server/server.go:540.10,541.51 1 0
github.com/rhino11/trafficsim/internal/server/server.go:546.68,547.71 1 0
github.com/rhino11/trafficsim/internal/server/server.go:547.71,563.3 6 0
github.com/rhino11/trafficsim/internal/server/server.go:572.49,575.2 2 0
github.com/rhino11/trafficsim/internal/sim/engine.go:29.44,31.55 2 0
github.com/rhino11/trafficsim/internal/sim/engine.go:31.55,32.83 1 0
github.com/rhino11/trafficsim/internal/sim/engine.go:32.83,34.4 1 0
github.com/rhino11/trafficsim/internal/sim/engine.go:37.2,43.3 1 0
github.com/rhino11/trafficsim/internal/sim/engine.go:47.32,51.17 3 0
github.com/rhino11/trafficsim/internal/sim/engine.go:51.17,53.3 1 0
github.com/rhino11/trafficsim/internal/sim/engine.go:55.2,64.12 6 0
github.com/rhino11/trafficsim/internal/sim/engine.go:68.25,72.18 3 0
github.com/rhino11/trafficsim/internal/sim/engine.go:72.18,74.3 1 0
github.com/rhino11/trafficsim/internal/sim/engine.go:76.2,77.27 2 0
github.com/rhino11/trafficsim/internal/sim/engine.go:77.27,79.3 1 0
github.com/rhino11/trafficsim/internal/sim/engine.go:80.2,82.34 2 0
github.com/rhino11/trafficsim/internal/sim/engine.go:86.32,88.16 2 0
github.com/rhino11/trafficsim/internal/sim/engine.go:88.16,90.3 1 0
github.com/rhino11/trafficsim/internal/sim/engine.go:92.2,98.39 5 0
github.com/rhino11/trafficsim/internal/sim/engine.go:98.39,99.72 1 0
github.com/rhino11/trafficsim/internal/sim/engine.go:99.72,106.4 6 0
github.com/rhino11/trafficsim/internal/sim/engine.go:108.2,110.16 2 0
github.com/rhino11/trafficsim/internal/sim/engine.go:110.16,112.3 1 0
github.com/rhino11/trafficsim/internal/sim/engine.go:114.2,115.12 2 0
github.com/rhino11/trafficsim/internal/sim/engine.go:119.35,123.2 3 0
github.com/rhino11/trafficsim/internal/sim/engine.go:126.46,130.2 3 0
github.com/rhino11/trafficsim/internal/sim/engine.go:133.62,138.42 4 0
github.com/rhino11/trafficsim/internal/sim/engine.go:138.42,140.3 1 0
github.com/rhino11/trafficsim/internal/sim/engine.go:142.2,144.12 3 0
github.com/rhino11/trafficsim/internal/sim/engine.go:148.50,152.43 3 0
github.com/rhino11/trafficsim/internal/sim/engine.go:152.43,154.3 1 0
github.com/rhino11/trafficsim/internal/sim/engine.go:156.2,158.12 3 0
github.com/rhino11/trafficsim/internal/sim/engine.go:162.66,167.13 4 0
github.com/rhino11/trafficsim/internal/sim/engine.go:167.13,169.3 1 0
github.com/rhino11/trafficsim/internal/sim/engine.go:171.2,171.22 1 0
github.com/rhino11/trafficsim/internal/sim/engine.go:175.54,180.39 4 0
github.com/rhino11/trafficsim/internal/sim/engine.go:180.39,182.3 1 0
github.com/rhino11/trafficsim/internal/sim/engine.go:184.2,184.18 1 0
github.com/rhino11/trafficsim/internal/sim/engine.go:188.50,189.21 1 0
github.com/rhino11/trafficsim/internal/sim/engine.go:189.21,191.3 1 0
github.com/rhino11/trafficsim/internal/sim/engine.go:195.2,195.51 1 0
github.com/rhino11/trafficsim/internal/sim/engine.go:195.51,197.3 1 0
github.com/rhino11/trafficsim/internal/sim/engine.go:199.2,199.12 1 0
github.com/rhino11/trafficsim/internal/sim/engine.go:203.49,212.49 3 0
github.com/rhino11/trafficsim/internal/sim/engine.go:212.49,214.3 1 0
github.com/rhino11/trafficsim/internal/sim/engine.go:217.2,224.49 3 0
github.com/rhino11/trafficsim/internal/sim/engine.go:224.49,226.3 1 0
github.com/rhino11/trafficsim/internal/sim/engine.go:229.2,236.44 3 0
github.com/rhino11/trafficsim/internal/sim/engine.go:236.44,238.3 1 0
github.com/rhino11/trafficsim/internal/sim/engine.go:241.2,247.49 2 0
github.com/rhino11/trafficsim/internal/sim/engine.go:247.49,249.3 1 0
github.com/rhino11/trafficsim/internal/sim/engine.go:251.2,252.12 2 0
github.com/rhino11/trafficsim/internal/sim/engine.go:256.56,257.20 1 0
github.com/rhino11/trafficsim/internal/sim/engine.go:257.20,259.3 1 0
github.com/rhino11/trafficsim/internal/sim/engine.go:261.2,263.39 3 0
github.com/rhino11/trafficsim/internal/sim/engine.go:263.39,265.3 1 0
github.com/rhino11/trafficsim/internal/sim/engine.go:266.2,269.37 2 0
github.com/rhino11/trafficsim/internal/sim/engine.go:269.37,270.74 1 0
github.com/rhino11/trafficsim/internal/sim/engine.go:270.74,272.4 1 0
github.com/rhino11/trafficsim/internal/sim/engine.go:276.2,280.12 4 0
github.com/rhino11/trafficsim/internal/sim/engine.go:284.35,285.15 1 0
github.com/rhino11/trafficsim/internal/sim/engine.go:285.15,286.31 1 0
github.com/rhino11/trafficsim/internal/sim/engine.go:286.31,288.4 1 0
github.com/rhino11/trafficsim/internal/sim/engine.go:291.2,293.6 2 0
github.com/rhino11/trafficsim/internal/sim/engine.go:293.6,294.10 1 0
github.com/rhino11/trafficsim/internal/sim/engine.go:295.19,296.10 1 0
github.com/rhino11/trafficsim/internal/sim/engine.go:297.42,301.46 3 0
github.com/rhino11/trafficsim/internal/sim/engine.go:301.46,303.5 1 0
github.com/rhino11/trafficsim/internal/sim/engine.go:309.60,313.19 2 0
github.com/rhino11/trafficsim/internal/sim/engine.go:313.19,317.3 3 0
github.com/rhino11/trafficsim/internal/sim/engine.go:321.41,325.2 3 0
github.com/rhino11/trafficsim/internal/sim/engine.go:328.89,333.39 4 0
github.com/rhino11/trafficsim/internal/sim/engine.go:333.39,334.72 1 0
github.com/rhino11/trafficsim/internal/sim/engine.go:334.72,335.54 1 0
github.com/rhino11/trafficsim/internal/sim/engine.go:335.54,337.5 1 0
github.com/rhino11/trafficsim/internal/sim/engine.go:341.2,341.17 1 0
github.com/rhino11/trafficsim/internal/sim/engine.go:345.55,357.39 4 0
github.com/rhino11/trafficsim/internal/sim/engine.go:357.39,358.72 1 0
github.com/rhino11/trafficsim/internal/sim/engine.go:358.72,359.42 1 0
github.com/rhino11/trafficsim/internal/sim/engine.go:360.37,361.30 1 0
github.com/rhino11/trafficsim/internal/sim/engine.go:362.37,363.30 1 0
github.com/rhino11/trafficsim/internal/sim/engine.go:364.33,365.26 1 0
github.com/rhino11/trafficsim/internal/sim/engine.go:366.34,367.27 1 0
github.com/rhino11/trafficsim/internal/sim/engine.go:372.2,372.14 1 0
github.com/rhino11/trafficsim/internal/sim/engine.go:388.90,390.16 2 0
github.com/rhino11/trafficsim/internal/sim/engine.go:390.16,392.3 1 0
github.com/rhino11/trafficsim/internal/sim/engine.go:394.2,394.71 1 0
github.com/rhino11/trafficsim/internal/sim/engine.go:394.71,398.3 3 0
github.com/rhino11/trafficsim/internal/sim/engine.go:400.2,400.75 1 0
github.com/rhino11/trafficsim/internal/sim/engine.go:404.72,406.16 2 0
github.com/rhino11/trafficsim/internal/sim/engine.go:406.16,408.3 1 0
github.com/rhino11/trafficsim/internal/sim/engine.go:410.2,411.9 2 0
github.com/rhino11/trafficsim/internal/sim/engine.go:411.9,413.3 1 0
github.com/rhino11/trafficsim/internal/sim/engine.go:415.2,428.42 2 0
github.com/rhino11/trafficsim/internal/sim/engine.go:428.42,434.3 2 0
github.com/rhino11/trafficsim/internal/sim/engine.go:436.2,436.20 1 0
github.com/rhino11/trafficsim/internal/sim/physics.go:25.40,35.2 1 0
github.com/rhino11/trafficsim/internal/sim/physics.go:38.101,40.89 1 0
github.com/rhino11/trafficsim/internal/sim/physics.go:40.89,42.3 1 0
github.com/rhino11/trafficsim/internal/sim/physics.go:45.2,45.35 1 0
github.com/rhino11/trafficsim/internal/sim/physics.go:49.117,53.33 2 0
github.com/rhino11/trafficsim/internal/sim/physics.go:53.33,55.3 1 0
github.com/rhino11/trafficsim/internal/sim/physics.go:58.2,65.33 3 0
github.com/rhino11/trafficsim/internal/sim/physics.go:65.33,70.3 4 0
github.com/rhino11/trafficsim/internal/sim/physics.go:73.2,76.31 2 0
github.com/rhino11/trafficsim/internal/sim/physics.go:77.35,78.77 1 0
github.com/rhino11/trafficsim/internal/sim/physics.go:79.35,80.77 1 0
github.com/rhino11/trafficsim/internal/sim/physics.go:81.31,82.73 1 0
github.com/rhino11/trafficsim/internal/sim/physics.go:83.32,84.55 1 0
github.com/rhino11/trafficsim/internal/sim/physics.go:85.10,86.76 1 0
github.com/rhino11/trafficsim/internal/sim/physics.go:91.131,96.20 4 0
github.com/rhino11/trafficsim/internal/sim/physics.go:96.20,98.3 1 0
github.com/rhino11/trafficsim/internal/sim/physics.go:101.2,102.24 2 0
github.com/rhino11/trafficsim/internal/sim/physics.go:102.24,106.3 2 0
github.com/rhino11/trafficsim/internal/sim/physics.go:109.2,120.33 4 0
github.com/rhino11/trafficsim/internal/sim/physics.go:120.33,122.45 2 0
github.com/rhino11/trafficsim/internal/sim/physics.go:122.45,124.4 1 0
github.com/rhino11/trafficsim/internal/sim/physics.go:124.9,124.30 1 0
github.com/rhino11/trafficsim/internal/sim/physics.go:124.30,126.4 1 0
github.com/rhino11/trafficsim/internal/sim/physics.go:126.9,128.4 1 0
github.com/rhino11/trafficsim/internal/sim/physics.go:132.2,144.12 5 0
github.com/rhino11/trafficsim/internal/sim/physics.go:148.131,154.24 3 0
github.com/rhino11/trafficsim/internal/sim/physics.go:154.24,156.3 1 0
github.com/rhino11/trafficsim/internal/sim/physics.go:159.2,173.23 5 0
github.com/rhino11/trafficsim/internal/sim/physics.go:173.23,175.3 1 0
github.com/rhino11/trafficsim/internal/sim/physics.go:177.2,188.12 4 0
github.com/rhino11/trafficsim/internal/sim/physics.go:192.127,197.24 3 0
github.com/rhino11/trafficsim/internal/sim/physics.go:197.24,199.3 1 0
github.com/rhino11/trafficsim/internal/sim/physics.go:202.2,213.22 4 0
github.com/rhino11/trafficsim/internal/sim/physics.go:213.22,215.3 1 0
github.com/rhino11/trafficsim/internal/sim/physics.go:218.2,219.23 2 0
github.com/rhino11/trafficsim/internal/sim/physics.go:219.23,221.3 1 0
github.com/rhino11/trafficsim/internal/sim/physics.go:223.2,234.12 4 0
github.com/rhino11/trafficsim/internal/sim/physics.go:238.109,240.24 2 0
github.com/rhino11/trafficsim/internal/sim/physics.go:240.24,242.3 1 0
github.com/rhino11/trafficsim/internal/sim/physics.go:245.2,253.23 5 0
github.com/rhino11/trafficsim/internal/sim/physics.go:253.23,255.3 1 0
github.com/rhino11/trafficsim/internal/sim/physics.go:256.2,256.24 1 0
github.com/rhino11/trafficsim/internal/sim/physics.go:256.24,258.3 1 0
github.com/rhino11/trafficsim/internal/sim/physics.go:260.2,272.54 8 0
github.com/rhino11/trafficsim/internal/sim/physics.go:272.54,274.3 1 0
github.com/rhino11/trafficsim/internal/sim/physics.go:277.2,281.12 4 0
github.com/rhino11/trafficsim/internal/sim/physics.go:285.130,294.2 5 0
github.com/rhino11/trafficsim/internal/sim/physics.go:299.91,314.2 9 0
github.com/rhino11/trafficsim/internal/sim/physics.go:317.79,327.2 7 0
github.com/rhino11/trafficsim/internal/sim/physics.go:330.134,331.38 1 0
github.com/rhino11/trafficsim/internal/sim/physics.go:331.38,333.3 1 0
github.com/rhino11/trafficsim/internal/sim/physics.go:336.2,339.24 2 0
github.com/rhino11/trafficsim/internal/sim/physics.go:339.24,341.3 1 0
github.com/rhino11/trafficsim/internal/sim/physics.go:342.2,342.25 1 0
github.com/rhino11/trafficsim/internal/sim/physics.go:342.25,344.3 1 0
github.com/rhino11/trafficsim/internal/sim/physics.go:347.2,351.44 3 0
github.com/rhino11/trafficsim/internal/sim/physics.go:351.44,353.3 1 0
github.com/rhino11/trafficsim/internal/sim/physics.go:353.8,353.28 1 0
github.com/rhino11/trafficsim/internal/sim/physics.go:353.28,355.3 1 0
github.com/rhino11/trafficsim/internal/sim/physics.go:355.8,357.3 1 0
github.com/rhino11/trafficsim/internal/sim/physics.go:361.115,362.23 1 0
github.com/rhino11/trafficsim/internal/sim/physics.go:362.23,364.3 1 0
github.com/rhino11/trafficsim/internal/sim/physics.go:366.2,369.43 3 0
github.com/rhino11/trafficsim/internal/sim/physics.go:369.43,371.3 1 0
github.com/rhino11/trafficsim/internal/sim/physics.go:371.8,371.26 1 0
github.com/rhino11/trafficsim/internal/sim/physics.go:371.26,373.3 1 0
github.com/rhino11/trafficsim/internal/sim/physics.go:373.8,375.3 1 0
github.com/rhino11/trafficsim/internal/sim/physics.go:379.115,380.33 1 0
github.com/rhino11/trafficsim/internal/sim/physics.go:380.33,382.3 1 0
github.com/rhino11/trafficsim/internal/sim/physics.go:385.2,395.24 3 0
github.com/rhino11/trafficsim/internal/sim/physics.go:395.24,398.23 3 0
github.com/rhino11/trafficsim/internal/sim/physics.go:398.23,400.4 1 0
github.com/rhino11/trafficsim/internal/sim/physics.go:402.3,402.39 1 0
github.com/rhino11/trafficsim/internal/sim/physics.go:402.39,406.4 2 0
github.com/rhino11/trafficsim/internal/sim/physics.go:409.2,409.20 1 0
github.com/rhino11/trafficsim/internal/sim/physics.go:413.92,432.2 9 0
github.com/rhino11/trafficsim/internal/sim/physics.go:435.88,436.22 1 0
github.com/rhino11/trafficsim/internal/sim/physics.go:437.35,438.15 1 0
github.com/rhino11/trafficsim/internal/sim/physics.go:439.35,440.14 1 0
github.com/rhino11/trafficsim/internal/sim/physics.go:441.31,442.14 1 0
github.com/rhino11/trafficsim/internal/sim/physics.go:443.32,444.16 1 0
github.com/rhino11/trafficsim/internal/sim/physics.go:445.10,446.14 1 0
github.com/rhino11/trafficsim/internal/sim/physics.go:453.109,457.77 2 0
github.com/rhino11/trafficsim/internal/sim/physics.go:457.77,459.3 1 0
github.com/rhino11/trafficsim/internal/sim/physics.go:462.2,471.12 5 0
github.com/rhino11/trafficsim/internal/sim/physics.go:475.116,481.15 3 0
github.com/rhino11/trafficsim/internal/sim/physics.go:481.15,483.3 1 0
github.com/rhino11/trafficsim/internal/sim/physics.go:486.2,499.62 8 0
github.com/rhino11/trafficsim/internal/sim/physics.go:503.107,532.2 15 0
github.com/rhino11/trafficsim/internal/sim/physics.go:535.103,547.15 8 0
github.com/rhino11/trafficsim/internal/sim/physics.go:547.15,549.3 1 0
github.com/rhino11/trafficsim/internal/sim/physics.go:550.2,559.22 6 0
github.com/rhino11/trafficsim/internal/sim/physics.go:559.22,564.3 4 0
github.com/rhino11/trafficsim/internal/sim/physics.go:566.2,566.19 1 0
github.com/rhino11/trafficsim/internal/sim/physics.go:570.111,586.2 10 0
github.com/rhino11/trafficsim/internal/sim/physics.go:590.98,596.20 3 0
github.com/rhino11/trafficsim/internal/sim/physics.go:596.20,598.3 1 0
github.com/rhino11/trafficsim/internal/sim/physics.go:601.2,609.15 6 0
github.com/rhino11/trafficsim/internal/sim/physics.go:612.96,629.21 6 0
github.com/rhino11/trafficsim/internal/sim/physics.go:629.21,636.3 4 0
github.com/rhino11/trafficsim/internal/sim/physics.go:638.2,638.13 1 0
github.com/rhino11/trafficsim/internal/sim/physics.go:641.113,646.33 2 0
github.com/rhino11/trafficsim/internal/sim/physics.go:646.33,655.3 5 0
github.com/rhino11/trafficsim/internal/sim/physics.go:657.2,657.15 1 0
github.com/rhino11/trafficsim/internal/sim/physics.go:660.115,678.2 10 0
github.com/rhino11/trafficsim/internal/sim/physics.go:682.123,693.2 6 0
github.com/rhino11/trafficsim/internal/sim/physics.go:695.86,696.31 1 0
github.com/rhino11/trafficsim/internal/sim/physics.go:697.61,700.23 2 0
github.com/rhino11/trafficsim/internal/sim/physics.go:700.23,702.4 1 0
github.com/rhino11/trafficsim/internal/sim/physics.go:703.3,703.29 1 0
github.com/rhino11/trafficsim/internal/sim/physics.go:704.35,705.16 1 0
github.com/rhino11/trafficsim/internal/sim/physics.go:706.31,707.23 1 0
github.com/rhino11/trafficsim/internal/sim/physics.go:708.10,709.23 1 0
github.com/rhino11/trafficsim/internal/sim/physics.go:713.114,720.15 5 0
github.com/rhino11/trafficsim/internal/sim/physics.go:720.15,722.3 1 0
github.com/rhino11/trafficsim/internal/sim/physics.go:723.2,723.17 1 0
github.com/rhino11/trafficsim/internal/sim/physics.go:723.17,725.3 1 0
github.com/rhino11/trafficsim/internal/sim/physics.go:726.2,726.16 1 0
github.com/rhino11/trafficsim/internal/sim/physics.go:726.16,728.3 1 0
github.com/rhino11/trafficsim/internal/sim/physics.go:729.2,729.17 1 0
github.com/rhino11/trafficsim/internal/sim/physics.go:729.17,731.3 1 0
github.com/rhino11/trafficsim/internal/sim/physics.go:734.2,738.3 1 0
github.com/rhino11/trafficsim/internal/sim/physics.go:741.82,743.19 2 0
github.com/rhino11/trafficsim/internal/sim/physics.go:743.19,745.3 1 0
github.com/rhino11/trafficsim/internal/sim/physics.go:748.2,755.23 2 0
github.com/rhino11/trafficsim/internal/sim/physics.go:755.23,760.3 4 0
github.com/rhino11/trafficsim/internal/sim/physics.go:763.89,768.21 4 0
github.com/rhino11/trafficsim/internal/sim/physics.go:768.21,770.3 1 0
github.com/rhino11/trafficsim/internal/sim/physics.go:771.2,771.22 1 0
github.com/rhino11/trafficsim/internal/sim/physics.go:771.22,773.3 1 0
github.com/rhino11/trafficsim/internal/sim/physics.go:774.2,774.20 1 0
github.com/rhino11/trafficsim/internal/sim/physics.go:774.20,776.3 1 0
github.com/rhino11/trafficsim/internal/sim/physics.go:779.117,800.30 10 0
github.com/rhino11/trafficsim/internal/sim/physics.go:800.30,803.3 2 0
github.com/rhino11/trafficsim/internal/sim/physics.go:805.2,805.12 1 0
github.com/rhino11/trafficsim/internal/sim/physics.go:811.86,818.31 3 0
github.com/rhino11/trafficsim/internal/sim/physics.go:819.35,820.58 1 0
github.com/rhino11/trafficsim/internal/sim/physics.go:821.35,822.59 1 0
github.com/rhino11/trafficsim/internal/sim/physics.go:823.31,824.53 1 0
github.com/rhino11/trafficsim/internal/sim/physics.go:825.32,826.54 1 0
github.com/rhino11/trafficsim/internal/sim/physics.go:827.10,828.54 1 0
github.com/rhino11/trafficsim/internal/sim/physics.go:833.125,845.19 5 0
github.com/rhino11/trafficsim/internal/sim/physics.go:845.19,848.3 1 0
github.com/rhino11/trafficsim/internal/sim/physics.go:851.2,866.20 10 0
github.com/rhino11/trafficsim/internal/sim/physics.go:866.20,868.3 1 0
github.com/rhino11/trafficsim/internal/sim/physics.go:871.2,876.12 5 0
github.com/rhino11/trafficsim/internal/sim/physics.go:880.126,889.18 4 0
github.com/rhino11/trafficsim/internal/sim/physics.go:889.18,892.3 1 0
github.com/rhino11/trafficsim/internal/sim/physics.go:895.2,913.12 12 0
github.com/rhino11/trafficsim/internal/sim/physics.go:917.120,923.22 3 0
github.com/rhino11/trafficsim/internal/sim/physics.go:923.22,925.3 1 0
github.com/rhino11/trafficsim/internal/sim/physics.go:927.2,944.12 11 0
github.com/rhino11/trafficsim/internal/sim/physics.go:948.121,952.23 2 0
github.com/rhino11/trafficsim/internal/sim/physics.go:952.23,971.3 9 0
github.com/rhino11/trafficsim/internal/sim/physics.go:973.2,973.12 1 0
github.com/rhino11/trafficsim/internal/sim/physics.go:977.121,993.2 8 0
github.com/rhino11/trafficsim/internal/sim/physics.go:996.87,1008.21 6 0
github.com/rhino11/trafficsim/internal/sim/physics.go:1008.21,1010.3 1 0
github.com/rhino11/trafficsim/internal/sim/physics.go:1011.2,1011.22 1 0
github.com/rhino11/trafficsim/internal/sim/physics.go:1011.22,1013.3 1 0
github.com/rhino11/trafficsim/internal/sim/physics.go:1016.2,1018.31 2 0
github.com/rhino11/trafficsim/internal/sim/physics.go:1019.35,1023.36 3 0
github.com/rhino11/trafficsim/internal/sim/physics.go:1024.35,1028.36 3 0
github.com/rhino11/trafficsim/internal/sim/physics.go:1029.31,1033.36 3 0
github.com/rhino11/trafficsim/internal/sim/physics.go:1034.32,1038.36 3 0
github.com/rhino11/trafficsim/internal/sim/physics.go:1039.10,1042.36 3 0
github.com/rhino11/trafficsim/internal/sim/physics.go:1046.2,1056.12 8 0
github.com/rhino11/trafficsim/internal/sim/physics.go:1060.103,1061.33 1 0
github.com/rhino11/trafficsim/internal/sim/physics.go:1061.33,1063.3 1 0
github.com/rhino11/trafficsim/internal/sim/physics.go:1066.2,1073.18 5 0
github.com/rhino11/trafficsim/internal/sim/physics.go:1073.18,1078.20 3 0
github.com/rhino11/trafficsim/internal/sim/physics.go:1078.20,1079.33 1 0
github.com/rhino11/trafficsim/internal/sim/physics.go:1080.37,1081.20 1 0
github.com/rhino11/trafficsim/internal/sim/physics.go:1082.33,1083.20 1 0
github.com/rhino11/trafficsim/internal/sim/physics.go:1084.12,1085.20 1 0
github.com/rhino11/trafficsim/internal/sim/physics.go:1088.3,1088.69 1 0
github.com/rhino11/trafficsim/internal/sim/physics.go:1092.2,1093.58 2 0
github.com/rhino11/trafficsim/internal/sim/physics.go:1093.58,1095.26 2 0
github.com/rhino11/trafficsim/internal/sim/physics.go:1095.26,1097.4 1 0
github.com/rhino11/trafficsim/internal/sim/physics.go:1098.3,1098.27 1 0
github.com/rhino11/trafficsim/internal/sim/physics.go:1098.27,1100.4 1 0
github.com/rhino11/trafficsim/internal/sim/physics.go:1102.3,1103.19 2 0
github.com/rhino11/trafficsim/internal/sim/physics.go:1103.19,1105.4 1 0
github.com/rhino11/trafficsim/internal/sim/physics.go:1106.3,1106.70 1 0
github.com/rhino11/trafficsim/internal/sim/physics.go:1109.2,1113.3 1 0
github.com/rhino11/trafficsim/internal/sim/physics.go:1119.122,1120.41 1 0
github.com/rhino11/trafficsim/internal/sim/physics.go:1120.41,1122.3 1 0
github.com/rhino11/trafficsim/internal/sim/physics.go:1124.2,1135.31 8 0
github.com/rhino11/trafficsim/internal/sim/physics.go:1136.35,1138.48 1 0
github.com/rhino11/trafficsim/internal/sim/physics.go:1142.2,1142.31 1 0
github.com/rhino11/trafficsim/internal/sim/physics.go:1142.31,1145.3 1 0
github.com/rhino11/trafficsim/internal/sim/physics.go:1147.2,1147.12 1 0
github.com/rhino11/trafficsim/internal/sim/physics.go:1170.121,1185.31 8 0
github.com/rhino11/trafficsim/internal/sim/physics.go:1186.35,1187.51 1 0
github.com/rhino11/trafficsim/internal/sim/physics.go:1188.35,1189.84 1 0
github.com/rhino11/trafficsim/internal/sim/physics.go:1190.31,1191.54 1 0
github.com/rhino11/trafficsim/internal/sim/physics.go:1192.10,1193.83 1 0
github.com/rhino11/trafficsim/internal/sim/physics.go:1196.2,1196.22 1 0
github.com/rhino11/trafficsim/internal/sim/physics.go:1196.22,1198.3 1 0
github.com/rhino11/trafficsim/internal/sim/physics.go:1201.2,1212.3 4 0
github.com/rhino11/trafficsim/internal/sim/physics.go:1218.111,1224.2 2 0
github.com/rhino11/trafficsim/internal/sim/physics.go:1227.110,1230.2 0 0
github.com/rhino11/trafficsim/internal/sim/physics.go:1233.86,1241.30 2 0
github.com/rhino11/trafficsim/internal/sim/physics.go:1241.30,1244.3 2 0
github.com/rhino11/trafficsim/internal/sim/physics.go:1248.64,1249.22 1 0
github.com/rhino11/trafficsim/internal/sim/physics.go:1249.22,1251.3 1 0
github.com/rhino11/trafficsim/internal/sim/physics.go:1252.2,1252.23 1 0
github.com/rhino11/trafficsim/internal/sim/physics.go:1252.23,1254.3 1 0
github.com/rhino11/trafficsim/internal/sim/physics.go:1255.2,1255.14 1 0
github.com/rhino11/trafficsim/internal/models/airborne.go:48.53,48.91 1 1
github.com/rhino11/trafficsim/internal/models/airborne.go:49.53,49.93 1 1
github.com/rhino11/trafficsim/internal/models/airborne.go:50.53,50.94 1 1
github.com/rhino11/trafficsim/internal/models/airborne.go:51.53,51.93 1 1
github.com/rhino11/trafficsim/internal/models/airborne.go:52.53,52.97 1 0
github.com/rhino11/trafficsim/internal/models/airborne.go:53.53,53.94 1 1
github.com/rhino11/trafficsim/internal/models/airborne.go:54.53,54.97 1 1
github.com/rhino11/trafficsim/internal/models/airborne.go:55.53,55.100 1 0
github.com/rhino11/trafficsim/internal/models/airborne.go:56.53,56.95 1 1
github.com/rhino11/trafficsim/internal/models/airborne.go:57.53,57.94 1 0
github.com/rhino11/trafficsim/internal/models/airborne.go:58.53,58.95 1 0
github.com/rhino11/trafficsim/internal/models/airborne.go:59.53,59.93 1 0
github.com/rhino11/trafficsim/internal/models/airborne.go:61.61,63.2 1 1
github.com/rhino11/trafficsim/internal/models/airborne.go:65.63,67.2 1 1
github.com/rhino11/trafficsim/internal/models/airborne.go:70.50,84.2 1 0
github.com/rhino11/trafficsim/internal/models/airborne.go:86.71,98.2 5 0
github.com/rhino11/trafficsim/internal/models/airborne.go:100.75,103.2 1 0
github.com/rhino11/trafficsim/internal/models/airborne.go:105.59,107.2 1 0
github.com/rhino11/trafficsim/internal/models/airborne.go:109.66,115.2 4 0
github.com/rhino11/trafficsim/internal/models/airborne.go:118.66,119.44 1 1
github.com/rhino11/trafficsim/internal/models/airborne.go:119.44,121.3 1 0
github.com/rhino11/trafficsim/internal/models/airborne.go:123.2,133.24 7 1
github.com/rhino11/trafficsim/internal/models/airborne.go:133.24,136.3 2 0
github.com/rhino11/trafficsim/internal/models/airborne.go:139.2,139.49 1 1
github.com/rhino11/trafficsim/internal/models/airborne.go:139.49,141.3 1 0
github.com/rhino11/trafficsim/internal/models/airborne.go:144.2,155.12 7 1
github.com/rhino11/trafficsim/internal/models/airborne.go:159.48,161.137 1 1
github.com/rhino11/trafficsim/internal/models/airborne.go:161.137,163.3 1 1
github.com/rhino11/trafficsim/internal/models/airborne.go:163.8,163.102 1 1
github.com/rhino11/trafficsim/internal/models/airborne.go:163.102,165.3 1 1
github.com/rhino11/trafficsim/internal/models/airborne.go:165.8,165.107 1 1
github.com/rhino11/trafficsim/internal/models/airborne.go:165.107,167.3 1 1
github.com/rhino11/trafficsim/internal/models/airborne.go:167.8,167.54 1 1
github.com/rhino11/trafficsim/internal/models/airborne.go:167.54,169.3 1 1
github.com/rhino11/trafficsim/internal/models/airborne.go:169.8,169.55 1 1
github.com/rhino11/trafficsim/internal/models/airborne.go:169.55,171.3 1 1
github.com/rhino11/trafficsim/internal/models/airborne.go:171.8,171.63 1 1
github.com/rhino11/trafficsim/internal/models/airborne.go:171.63,173.3 1 1
github.com/rhino11/trafficsim/internal/models/airborne.go:173.8,175.3 1 0
github.com/rhino11/trafficsim/internal/models/airborne.go:179.61,187.23 5 1
github.com/rhino11/trafficsim/internal/models/airborne.go:188.26,190.71 2 1
github.com/rhino11/trafficsim/internal/models/airborne.go:191.24,193.121 2 0
github.com/rhino11/trafficsim/internal/models/airborne.go:194.25,196.29 2 1
github.com/rhino11/trafficsim/internal/models/airborne.go:197.26,199.121 2 0
github.com/rhino11/trafficsim/internal/models/airborne.go:200.27,202.60 2 0
github.com/rhino11/trafficsim/internal/models/airborne.go:203.10,205.63 2 0
github.com/rhino11/trafficsim/internal/models/airborne.go:209.2,212.43 3 1
github.com/rhino11/trafficsim/internal/models/airborne.go:212.43,214.3 1 1
github.com/rhino11/trafficsim/internal/models/airborne.go:214.8,214.26 1 1
github.com/rhino11/trafficsim/internal/models/airborne.go:214.26,216.3 1 1
github.com/rhino11/trafficsim/internal/models/airborne.go:216.8,218.3 1 0
github.com/rhino11/trafficsim/internal/models/airborne.go:221.2,221.104 1 1
github.com/rhino11/trafficsim/internal/models/airborne.go:221.104,223.3 1 1
github.com/rhino11/trafficsim/internal/models/airborne.go:226.2,227.81 2 1
github.com/rhino11/trafficsim/internal/models/airborne.go:231.57,257.2 12 1
github.com/rhino11/trafficsim/internal/models/airborne.go:260.55,262.44 1 1
github.com/rhino11/trafficsim/internal/models/airborne.go:262.44,267.26 3 1
github.com/rhino11/trafficsim/internal/models/airborne.go:267.26,269.4 1 0
github.com/rhino11/trafficsim/internal/models/airborne.go:270.3,270.27 1 1
github.com/rhino11/trafficsim/internal/models/airborne.go:270.27,272.4 1 0
github.com/rhino11/trafficsim/internal/models/airborne.go:276.3,283.35 4 1
github.com/rhino11/trafficsim/internal/models/airborne.go:283.35,288.44 3 1
github.com/rhino11/trafficsim/internal/models/airborne.go:288.44,290.5 1 1
github.com/rhino11/trafficsim/internal/models/airborne.go:290.10,290.28 1 1
github.com/rhino11/trafficsim/internal/models/airborne.go:290.28,292.5 1 0
github.com/rhino11/trafficsim/internal/models/airborne.go:292.10,294.5 1 1
github.com/rhino11/trafficsim/internal/models/airborne.go:295.9,300.44 3 1
github.com/rhino11/trafficsim/internal/models/airborne.go:300.44,302.5 1 1
github.com/rhino11/trafficsim/internal/models/airborne.go:302.10,302.28 1 0
github.com/rhino11/trafficsim/internal/models/airborne.go:302.28,304.5 1 0
github.com/rhino11/trafficsim/internal/models/airborne.go:304.10,306.5 1 0
github.com/rhino11/trafficsim/internal/models/airborne.go:310.3,310.109 1 1
github.com/rhino11/trafficsim/internal/models/airborne.go:310.109,318.48 5 1
github.com/rhino11/trafficsim/internal/models/airborne.go:318.48,320.5 1 0
github.com/rhino11/trafficsim/internal/models/airborne.go:320.10,320.52 1 1
github.com/rhino11/trafficsim/internal/models/airborne.go:320.52,322.5 1 0
github.com/rhino11/trafficsim/internal/models/airborne.go:324.8,329.43 3 0
github.com/rhino11/trafficsim/internal/models/airborne.go:329.43,331.4 1 0
github.com/rhino11/trafficsim/internal/models/airborne.go:331.9,331.27 1 0
github.com/rhino11/trafficsim/internal/models/airborne.go:331.27,333.4 1 0
github.com/rhino11/trafficsim/internal/models/airborne.go:333.9,335.4 1 0
github.com/rhino11/trafficsim/internal/models/airborne.go:339.2,339.41 1 1
github.com/rhino11/trafficsim/internal/models/airborne.go:339.41,346.45 5 1
github.com/rhino11/trafficsim/internal/models/airborne.go:346.45,348.4 1 1
github.com/rhino11/trafficsim/internal/models/airborne.go:348.9,348.28 1 0
github.com/rhino11/trafficsim/internal/models/airborne.go:348.28,350.4 1 0
github.com/rhino11/trafficsim/internal/models/airborne.go:350.9,352.4 1 0
github.com/rhino11/trafficsim/internal/models/airborne.go:356.2,358.82 2 1
github.com/rhino11/trafficsim/internal/models/airborne.go:362.65,363.42 1 1
github.com/rhino11/trafficsim/internal/models/airborne.go:363.42,365.3 1 0
github.com/rhino11/trafficsim/internal/models/airborne.go:368.2,391.59 13 1
github.com/rhino11/trafficsim/internal/models/airborne.go:395.72,406.18 7 1
github.com/rhino11/trafficsim/internal/models/airborne.go:406.18,408.3 1 0
github.com/rhino11/trafficsim/internal/models/airborne.go:409.2,409.21 1 1
github.com/rhino11/trafficsim/internal/models/airborne.go:409.21,411.3 1 0
github.com/rhino11/trafficsim/internal/models/airborne.go:413.2,413.16 1 1
github.com/rhino11/trafficsim/internal/models/airborne.go:419.85,489.2 6 1
github.com/rhino11/trafficsim/internal/models/airborne.go:492.82,562.2 6 1
github.com/rhino11/trafficsim/internal/models/airborne.go:565.87,637.2 7 1
github.com/rhino11/trafficsim/internal/models/airborne.go:640.82,712.2 7 1
github.com/rhino11/trafficsim/internal/models/factory.go:14.95,110.2 6 1
github.com/rhino11/trafficsim/internal/models/factory.go:113.97,206.2 6 1
github.com/rhino11/trafficsim/internal/models/factory.go:211.95,295.2 5 1
github.com/rhino11/trafficsim/internal/models/factory.go:300.99,384.2 6 1
github.com/rhino11/trafficsim/internal/models/factory.go:389.102,475.2 6 1
github.com/rhino11/trafficsim/internal/models/factory.go:480.86,555.2 5 1
github.com/rhino11/trafficsim/internal/models/factory.go:558.91,637.2 6 1
github.com/rhino11/trafficsim/internal/models/factory.go:642.90,648.9 2 1
github.com/rhino11/trafficsim/internal/models/factory.go:648.9,650.3 1 1
github.com/rhino11/trafficsim/internal/models/factory.go:652.2,653.9 2 1
github.com/rhino11/trafficsim/internal/models/factory.go:653.9,655.3 1 0
github.com/rhino11/trafficsim/internal/models/factory.go:657.2,658.68 2 1
github.com/rhino11/trafficsim/internal/models/factory.go:658.68,659.51 1 1
github.com/rhino11/trafficsim/internal/models/factory.go:659.51,661.4 1 1
github.com/rhino11/trafficsim/internal/models/factory.go:662.3,662.52 1 1
github.com/rhino11/trafficsim/internal/models/factory.go:662.52,664.4 1 1
github.com/rhino11/trafficsim/internal/models/factory.go:665.3,665.51 1 1
github.com/rhino11/trafficsim/internal/models/factory.go:665.51,667.4 1 1
github.com/rhino11/trafficsim/internal/models/factory.go:671.2,671.22 1 1
github.com/rhino11/trafficsim/internal/models/factory.go:672.18,673.53 1 1
github.com/rhino11/trafficsim/internal/models/factory.go:674.14,675.62 1 0
github.com/rhino11/trafficsim/internal/models/factory.go:676.18,677.65 1 0
github.com/rhino11/trafficsim/internal/models/factory.go:678.15,679.57 1 0
github.com/rhino11/trafficsim/internal/models/factory.go:680.10,681.68 1 0
github.com/rhino11/trafficsim/internal/models/land.go:39.49,39.64 1 0
github.com/rhino11/trafficsim/internal/models/land.go:40.49,40.76 1 0
github.com/rhino11/trafficsim/internal/models/land.go:41.49,41.67 1 0
github.com/rhino11/trafficsim/internal/models/land.go:42.49,42.66 1 0
github.com/rhino11/trafficsim/internal/models/land.go:43.49,43.70 1 0
github.com/rhino11/trafficsim/internal/models/land.go:44.49,44.67 1 0
github.com/rhino11/trafficsim/internal/models/land.go:45.49,45.70 1 0
github.com/rhino11/trafficsim/internal/models/land.go:46.49,46.61 1 0
github.com/rhino11/trafficsim/internal/models/land.go:47.49,47.68 1 0
github.com/rhino11/trafficsim/internal/models/land.go:48.49,48.67 1 0
github.com/rhino11/trafficsim/internal/models/land.go:49.49,49.68 1 0
github.com/rhino11/trafficsim/internal/models/land.go:50.49,50.66 1 0
github.com/rhino11/trafficsim/internal/models/land.go:52.57,54.2 1 0
github.com/rhino11/trafficsim/internal/models/land.go:56.59,59.2 2 0
github.com/rhino11/trafficsim/internal/models/land.go:61.62,62.26 1 0
github.com/rhino11/trafficsim/internal/models/land.go:62.26,64.3 1 0
github.com/rhino11/trafficsim/internal/models/land.go:67.2,75.24 5 0
github.com/rhino11/trafficsim/internal/models/land.go:75.24,78.3 2 0
github.com/rhino11/trafficsim/internal/models/land.go:81.2,91.25 6 0
github.com/rhino11/trafficsim/internal/models/land.go:91.25,93.3 1 0
github.com/rhino11/trafficsim/internal/models/land.go:94.2,97.12 3 0
github.com/rhino11/trafficsim/internal/models/land.go:103.81,127.2 1 0
github.com/rhino11/trafficsim/internal/models/land.go:130.76,154.2 1 0
github.com/rhino11/trafficsim/internal/models/land.go:157.87,181.2 1 0
github.com/rhino11/trafficsim/internal/models/land.go:184.81,208.2 1 0
github.com/rhino11/trafficsim/internal/models/maritime.go:39.53,39.68 1 0
github.com/rhino11/trafficsim/internal/models/maritime.go:40.53,40.84 1 0
github.com/rhino11/trafficsim/internal/models/maritime.go:41.53,41.71 1 0
github.com/rhino11/trafficsim/internal/models/maritime.go:42.53,42.70 1 0
github.com/rhino11/trafficsim/internal/models/maritime.go:43.53,43.74 1 0
github.com/rhino11/trafficsim/internal/models/maritime.go:44.53,44.71 1 0
github.com/rhino11/trafficsim/internal/models/maritime.go:45.53,45.74 1 0
github.com/rhino11/trafficsim/internal/models/maritime.go:46.53,46.65 1 0
github.com/rhino11/trafficsim/internal/models/maritime.go:47.53,47.72 1 0
github.com/rhino11/trafficsim/internal/models/maritime.go:48.53,48.71 1 0
github.com/rhino11/trafficsim/internal/models/maritime.go:49.53,49.72 1 0
github.com/rhino11/trafficsim/internal/models/maritime.go:50.53,50.70 1 0
github.com/rhino11/trafficsim/internal/models/maritime.go:52.61,56.2 2 0
github.com/rhino11/trafficsim/internal/models/maritime.go:58.63,63.2 3 0
github.com/rhino11/trafficsim/internal/models/maritime.go:65.66,66.26 1 0
github.com/rhino11/trafficsim/internal/models/maritime.go:66.26,68.3 1 0
github.com/rhino11/trafficsim/internal/models/maritime.go:71.2,79.23 5 0
github.com/rhino11/trafficsim/internal/models/maritime.go:79.23,82.3 2 0
github.com/rhino11/trafficsim/internal/models/maritime.go:85.2,95.25 7 0
github.com/rhino11/trafficsim/internal/models/maritime.go:95.25,97.3 1 0
github.com/rhino11/trafficsim/internal/models/maritime.go:98.2,101.12 3 0
github.com/rhino11/trafficsim/internal/models/maritime.go:107.89,132.2 2 0
github.com/rhino11/trafficsim/internal/models/maritime.go:135.86,160.2 2 0
github.com/rhino11/trafficsim/internal/models/maritime.go:163.81,188.2 2 0
github.com/rhino11/trafficsim/internal/models/maritime.go:191.77,216.2 2 0
github.com/rhino11/trafficsim/internal/models/maritime.go:219.84,244.2 2 0
github.com/rhino11/trafficsim/internal/models/platform.go:273.45,275.2 1 1
github.com/rhino11/trafficsim/internal/models/platform.go:277.53,279.2 1 1
github.com/rhino11/trafficsim/internal/models/platform.go:281.48,283.2 1 1
github.com/rhino11/trafficsim/internal/models/platform.go:285.47,287.2 1 1
github.com/rhino11/trafficsim/internal/models/platform.go:289.51,291.2 1 0
github.com/rhino11/trafficsim/internal/models/platform.go:293.55,295.2 1 1
github.com/rhino11/trafficsim/internal/models/platform.go:297.63,299.2 1 1
github.com/rhino11/trafficsim/internal/models/platform.go:301.52,303.2 1 1
github.com/rhino11/trafficsim/internal/models/platform.go:305.55,306.48 1 1
github.com/rhino11/trafficsim/internal/models/platform.go:306.48,308.3 1 0
github.com/rhino11/trafficsim/internal/models/platform.go:309.2,309.43 1 1
github.com/rhino11/trafficsim/internal/models/platform.go:312.50,314.2 1 1
github.com/rhino11/trafficsim/internal/models/platform.go:316.49,318.2 1 0
github.com/rhino11/trafficsim/internal/models/platform.go:320.50,322.2 1 0
github.com/rhino11/trafficsim/internal/models/platform.go:324.48,326.2 1 1
github.com/rhino11/trafficsim/internal/models/platform.go:328.65,331.2 2 1
github.com/rhino11/trafficsim/internal/models/platform.go:334.89,335.14 1 1
github.com/rhino11/trafficsim/internal/models/platform.go:336.22,337.49 1 1
github.com/rhino11/trafficsim/internal/models/platform.go:338.26,339.53 1 1
github.com/rhino11/trafficsim/internal/models/platform.go:340.24,341.51 1 1
github.com/rhino11/trafficsim/internal/models/platform.go:342.22,343.50 1 1
github.com/rhino11/trafficsim/internal/models/platform.go:344.20,345.47 1 1
github.com/rhino11/trafficsim/internal/models/platform.go:346.24,347.51 1 1
github.com/rhino11/trafficsim/internal/models/platform.go:348.10,349.71 1 1
github.com/rhino11/trafficsim/internal/models/platform.go:354.68,361.49 3 1
github.com/rhino11/trafficsim/internal/models/platform.go:361.49,363.19 2 1
github.com/rhino11/trafficsim/internal/models/platform.go:363.19,366.4 2 1
github.com/rhino11/trafficsim/internal/models/platform.go:370.2,370.27 1 1
github.com/rhino11/trafficsim/internal/models/platform.go:370.27,371.95 1 1
github.com/rhino11/trafficsim/internal/models/platform.go:371.95,374.4 2 1
github.com/rhino11/trafficsim/internal/models/platform.go:375.3,375.13 1 1
github.com/rhino11/trafficsim/internal/models/platform.go:379.2,379.25 1 1
github.com/rhino11/trafficsim/internal/models/platform.go:380.28,381.49 1 1
github.com/rhino11/trafficsim/internal/models/platform.go:382.28,383.49 1 0
github.com/rhino11/trafficsim/internal/models/platform.go:384.24,385.45 1 0
github.com/rhino11/trafficsim/internal/models/platform.go:386.25,387.46 1 0
github.com/rhino11/trafficsim/internal/models/platform.go:388.10,389.48 1 0
github.com/rhino11/trafficsim/internal/models/platform.go:393.81,394.27 1 1
github.com/rhino11/trafficsim/internal/models/platform.go:394.27,396.95 1 0
github.com/rhino11/trafficsim/internal/models/platform.go:396.95,398.4 1 0
github.com/rhino11/trafficsim/internal/models/platform.go:399.3,399.13 1 0
github.com/rhino11/trafficsim/internal/models/platform.go:403.2,404.20 2 1
github.com/rhino11/trafficsim/internal/models/platform.go:404.20,409.3 4 0
github.com/rhino11/trafficsim/internal/models/platform.go:412.2,415.46 2 1
github.com/rhino11/trafficsim/internal/models/platform.go:415.46,417.3 1 0
github.com/rhino11/trafficsim/internal/models/platform.go:417.8,419.3 1 1
github.com/rhino11/trafficsim/internal/models/platform.go:422.2,423.33 2 1
github.com/rhino11/trafficsim/internal/models/platform.go:423.33,425.21 2 0
github.com/rhino11/trafficsim/internal/models/platform.go:425.21,427.4 1 0
github.com/rhino11/trafficsim/internal/models/platform.go:429.3,430.45 2 0
github.com/rhino11/trafficsim/internal/models/platform.go:430.45,433.4 2 0
github.com/rhino11/trafficsim/internal/models/platform.go:433.9,433.30 1 0
github.com/rhino11/trafficsim/internal/models/platform.go:433.30,436.4 2 0
github.com/rhino11/trafficsim/internal/models/platform.go:436.9,439.4 2 0
github.com/rhino11/trafficsim/internal/models/platform.go:443.2,444.45 2 1
github.com/rhino11/trafficsim/internal/models/platform.go:444.45,446.3 1 1
github.com/rhino11/trafficsim/internal/models/platform.go:446.8,448.3 1 0
github.com/rhino11/trafficsim/internal/models/platform.go:451.2,454.12 3 1
github.com/rhino11/trafficsim/internal/models/platform.go:457.81,458.27 1 0
github.com/rhino11/trafficsim/internal/models/platform.go:458.27,460.3 1 0
github.com/rhino11/trafficsim/internal/models/platform.go:463.2,464.19 2 0
github.com/rhino11/trafficsim/internal/models/platform.go:464.19,469.3 4 0
github.com/rhino11/trafficsim/internal/models/platform.go:472.2,475.47 2 0
github.com/rhino11/trafficsim/internal/models/platform.go:475.47,478.3 2 0
github.com/rhino11/trafficsim/internal/models/platform.go:480.2,487.23 4 0
github.com/rhino11/trafficsim/internal/models/platform.go:487.23,489.3 1 0
github.com/rhino11/trafficsim/internal/models/platform.go:490.2,494.12 4 0
github.com/rhino11/trafficsim/internal/models/platform.go:497.77,498.27 1 0
github.com/rhino11/trafficsim/internal/models/platform.go:498.27,500.3 1 0
github.com/rhino11/trafficsim/internal/models/platform.go:503.2,504.19 2 0
github.com/rhino11/trafficsim/internal/models/platform.go:504.19,509.3 4 0
github.com/rhino11/trafficsim/internal/models/platform.go:511.2,518.24 5 0
github.com/rhino11/trafficsim/internal/models/platform.go:518.24,521.23 3 0
github.com/rhino11/trafficsim/internal/models/platform.go:521.23,523.4 1 0
github.com/rhino11/trafficsim/internal/models/platform.go:525.3,525.39 1 0
github.com/rhino11/trafficsim/internal/models/platform.go:525.39,528.4 1 0
github.com/rhino11/trafficsim/internal/models/platform.go:531.2,536.12 5 0
github.com/rhino11/trafficsim/internal/models/platform.go:539.78,540.27 1 0
github.com/rhino11/trafficsim/internal/models/platform.go:540.27,542.3 1 0
github.com/rhino11/trafficsim/internal/models/platform.go:545.2,546.20 2 0
github.com/rhino11/trafficsim/internal/models/platform.go:546.20,551.3 4 0
github.com/rhino11/trafficsim/internal/models/platform.go:554.2,568.12 8 0
github.com/rhino11/trafficsim/internal/models/platform.go:571.80,572.27 1 0
github.com/rhino11/trafficsim/internal/models/platform.go:572.27,574.3 1 0
github.com/rhino11/trafficsim/internal/models/platform.go:577.2,578.19 2 0
github.com/rhino11/trafficsim/internal/models/platform.go:578.19,583.3 4 0
github.com/rhino11/trafficsim/internal/models/platform.go:586.2,597.12 7 0
github.com/rhino11/trafficsim/internal/models/platform.go:602.84,619.2 10 1
github.com/rhino11/trafficsim/internal/models/platform.go:621.83,633.2 8 1
github.com/rhino11/trafficsim/internal/models/platform.go:635.72,645.2 7 1
github.com/rhino11/trafficsim/internal/models/platform.go:647.92,652.24 3 1
github.com/rhino11/trafficsim/internal/models/platform.go:652.24,654.3 1 0
github.com/rhino11/trafficsim/internal/models/platform.go:655.2,655.25 1 1
github.com/rhino11/trafficsim/internal/models/platform.go:655.25,657.3 1 0
github.com/rhino11/trafficsim/internal/models/platform.go:660.2,660.68 1 1
github.com/rhino11/trafficsim/internal/models/platform.go:660.68,664.45 3 1
github.com/rhino11/trafficsim/internal/models/platform.go:664.45,666.4 1 0
github.com/rhino11/trafficsim/internal/models/platform.go:666.9,666.29 1 1
github.com/rhino11/trafficsim/internal/models/platform.go:666.29,668.4 1 1
github.com/rhino11/trafficsim/internal/models/platform.go:668.9,670.4 1 0
github.com/rhino11/trafficsim/internal/models/platform.go:671.8,673.3 1 0
github.com/rhino11/trafficsim/internal/models/platform.go:676.94,679.45 2 1
github.com/rhino11/trafficsim/internal/models/platform.go:679.45,682.44 2 1
github.com/rhino11/trafficsim/internal/models/platform.go:682.44,684.4 1 0
github.com/rhino11/trafficsim/internal/models/platform.go:684.9,684.27 1 1
github.com/rhino11/trafficsim/internal/models/platform.go:684.27,686.4 1 1
github.com/rhino11/trafficsim/internal/models/platform.go:686.9,688.4 1 1
github.com/rhino11/trafficsim/internal/models/platform.go:689.8,691.3 1 0
github.com/rhino11/trafficsim/internal/models/platform.go:694.2,694.54 1 1
github.com/rhino11/trafficsim/internal/models/platform.go:694.54,696.3 1 1
github.com/rhino11/trafficsim/internal/models/platform.go:699.2,699.24 1 1
github.com/rhino11/trafficsim/internal/models/platform.go:699.24,701.3 1 0
github.com/rhino11/trafficsim/internal/models/platform.go:704.86,728.2 10 1
github.com/rhino11/trafficsim/internal/models/platform.go:731.79,749.65 9 1
github.com/rhino11/trafficsim/internal/models/platform.go:749.65,751.27 2 1
github.com/rhino11/trafficsim/internal/models/platform.go:751.27,753.4 1 0
github.com/rhino11/trafficsim/internal/models/platform.go:756.2,756.125 1 1
github.com/rhino11/trafficsim/internal/models/platform.go:808.52,822.2 1 0
github.com/rhino11/trafficsim/internal/models/platform.go:825.73,832.25 5 0
github.com/rhino11/trafficsim/internal/models/platform.go:833.28,839.4 1 0
github.com/rhino11/trafficsim/internal/models/platform.go:840.28,846.4 1 0
github.com/rhino11/trafficsim/internal/models/platform.go:847.24,853.4 1 0
github.com/rhino11/trafficsim/internal/models/platform.go:854.25,861.4 2 0
github.com/rhino11/trafficsim/internal/models/platform.go:862.10,868.4 1 0
github.com/rhino11/trafficsim/internal/models/platform.go:873.77,877.25 2 1
github.com/rhino11/trafficsim/internal/models/platform.go:878.28,881.20 3 1
github.com/rhino11/trafficsim/internal/models/platform.go:882.24,885.20 3 0
github.com/rhino11/trafficsim/internal/models/platform.go:886.28,889.31 3 0
github.com/rhino11/trafficsim/internal/models/platform.go:890.25,892.27 2 0
github.com/rhino11/trafficsim/internal/models/platform.go:893.10,894.24 1 0
github.com/rhino11/trafficsim/internal/models/platform.go:898.2,909.12 5 1
github.com/rhino11/trafficsim/internal/models/platform.go:913.73,916.2 1 0
github.com/rhino11/trafficsim/internal/models/platform.go:919.69,922.2 1 0
github.com/rhino11/trafficsim/internal/models/platform.go:925.73,928.2 1 0
github.com/rhino11/trafficsim/internal/models/platform.go:931.70,934.2 1 0
github.com/rhino11/trafficsim/internal/models/platform.go:944.55,948.15 2 1
github.com/rhino11/trafficsim/internal/models/platform.go:948.15,951.3 2 0
github.com/rhino11/trafficsim/internal/models/platform.go:954.50,956.24 1 1
github.com/rhino11/trafficsim/internal/models/platform.go:956.24,961.3 4 0
github.com/rhino11/trafficsim/internal/models/platform.go:964.45,966.2 1 1
github.com/rhino11/trafficsim/internal/models/platform.go:968.56,971.2 1 0
github.com/rhino11/trafficsim/internal/models/platform.go:973.54,975.2 1 0
github.com/rhino11/trafficsim/internal/models/platform.go:977.56,981.2 2 0
github.com/rhino11/trafficsim/internal/models/platform.go:983.50,986.2 1 0
github.com/rhino11/trafficsim/internal/models/platform.go:988.50,990.2 1 0
github.com/rhino11/trafficsim/internal/models/platform.go:992.51,995.2 1 0
github.com/rhino11/trafficsim/internal/models/platform.go:997.52,999.2 1 0
github.com/rhino11/trafficsim/internal/models/platform.go:1001.49,1004.2 2 0
github.com/rhino11/trafficsim/internal/models/platform.go:1007.65,1008.31 1 1
github.com/rhino11/trafficsim/internal/models/platform.go:1008.31,1023.3 9 1
github.com/rhino11/trafficsim/internal/models/platform.go:1026.67,1044.65 9 1
github.com/rhino11/trafficsim/internal/models/platform.go:1044.65,1046.27 2 0
github.com/rhino11/trafficsim/internal/models/platform.go:1046.27,1048.4 1 0
github.com/rhino11/trafficsim/internal/models/platform.go:1052.74,1062.83 5 1
github.com/rhino11/trafficsim/internal/models/platform.go:1062.83,1064.32 1 0
github.com/rhino11/trafficsim/internal/models/platform.go:1064.32,1068.4 3 0
github.com/rhino11/trafficsim/internal/models/platform.go:1071.3,1073.25 3 0
github.com/rhino11/trafficsim/internal/models/platform.go:1078.61,1080.2 1 0
github.com/rhino11/trafficsim/internal/models/platform.go:1083.68,1090.2 5 0
github.com/rhino11/trafficsim/internal/models/platform.go:1093.75,1095.2 1 1
github.com/rhino11/trafficsim/internal/models/platform.go:1098.57,1108.2 1 1
github.com/rhino11/trafficsim/internal/models/platform.go:1111.54,1116.2 3 1
github.com/rhino11/trafficsim/internal/models/platform.go:1119.83,1122.24 2 0
github.com/rhino11/trafficsim/internal/models/platform.go:1122.24,1124.3 1 0
github.com/rhino11/trafficsim/internal/models/platform.go:1128.2,1128.44 1 0
github.com/rhino11/trafficsim/internal/models/platform.go:1128.44,1130.3 1 0
github.com/rhino11/trafficsim/internal/models/platform.go:1131.2,1131.12 1 0
github.com/rhino11/trafficsim/internal/models/space.go:39.50,39.65 1 0
github.com/rhino11/trafficsim/internal/models/space.go:40.50,40.78 1 0
github.com/rhino11/trafficsim/internal/models/space.go:41.50,41.68 1 0
github.com/rhino11/trafficsim/internal/models/space.go:42.50,42.67 1 0
github.com/rhino11/trafficsim/internal/models/space.go:43.50,43.71 1 0
github.com/rhino11/trafficsim/internal/models/space.go:44.50,44.68 1 0
github.com/rhino11/trafficsim/internal/models/space.go:45.50,45.71 1 0
github.com/rhino11/trafficsim/internal/models/space.go:46.50,46.69 1 0
github.com/rhino11/trafficsim/internal/models/space.go:47.50,47.69 1 0
github.com/rhino11/trafficsim/internal/models/space.go:48.50,48.68 1 0
github.com/rhino11/trafficsim/internal/models/space.go:49.50,49.69 1 0
github.com/rhino11/trafficsim/internal/models/space.go:50.50,50.67 1 0
github.com/rhino11/trafficsim/internal/models/space.go:52.58,54.2 1 0
github.com/rhino11/trafficsim/internal/models/space.go:56.60,59.2 2 0
github.com/rhino11/trafficsim/internal/models/space.go:61.63,86.23 10 0
github.com/rhino11/trafficsim/internal/models/space.go:86.23,88.3 1 0
github.com/rhino11/trafficsim/internal/models/space.go:89.2,89.24 1 0
github.com/rhino11/trafficsim/internal/models/space.go:89.24,91.3 1 0
github.com/rhino11/trafficsim/internal/models/space.go:94.2,101.12 5 0
github.com/rhino11/trafficsim/internal/models/space.go:107.76,133.2 2 0
github.com/rhino11/trafficsim/internal/models/space.go:136.89,162.2 2 0
github.com/rhino11/trafficsim/internal/models/space.go:165.84,191.2 2 0
github.com/rhino11/trafficsim/internal/models/space.go:194.70,220.2 2 0
github.com/rhino11/trafficsim/internal/models/space.go:223.81,249.2 2 0
